<?xml version="1.0" encoding="UTF-8"?>
<!-- Generated by org.testng.reporters.JUnitReportReporter -->
<testsuite hostname="COG-SYS-053" failures="0" tests="1" name="testcases.TicketingGroupTest" time="18.344" errors="0" timestamp="2021-06-23T03:32:37 IST" skipped="0">
  <testcase classname="testcases.TicketingGroupTest" name="verifyAddSLA" time="18.344"/>
  <system-out/>
</testsuite> <!-- testcases.TicketingGroupTest -->
