<?xml version="1.0" encoding="UTF-8"?>
<!-- Generated by org.testng.reporters.JUnitReportReporter -->
<testsuite hostname="COG-SYS-053" failures="0" tests="12" name="testcases.SLATest" time="559.424" errors="0" timestamp="2021-06-22T03:13:55 IST" skipped="0">
  <testcase classname="testcases.SLATest" name="verifyAddSLA" time="60.337"/>
  <system-out/>
  <testcase classname="testcases.SLATest" name="verifyMandatoryValidation" time="52.962"/>
  <system-out/>
  <testcase classname="testcases.SLATest" name="VerifyCharactersValidation" time="55.523"/>
  <system-out/>
  <testcase classname="testcases.SLATest" name="verifyClientCategoryFunctionality" time="41.172"/>
  <system-out/>
  <testcase classname="testcases.SLATest" name="verifyDepartmentCategoryFunctionality" time="36.707"/>
  <system-out/>
  <testcase classname="testcases.SLATest" name="verifyProductCategoryFunctionality" time="36.628"/>
  <system-out/>
  <testcase classname="testcases.SLATest" name="verifyDeleteButtonFunctionality" time="43.050"/>
  <system-out/>
  <testcase classname="testcases.SLATest" name="verifyPolicyDatePickerFunctionality" time="30.767"/>
  <system-out/>
  <testcase classname="testcases.SLATest" name="verifyBooleanFunctionality" time="47.788"/>
  <system-out/>
  <testcase classname="testcases.SLATest" name="verifyBooleanSaveButtonFunctionality" time="40.931"/>
  <system-out/>
  <testcase classname="testcases.SLATest" name="verifyResponseTimeValidations" time="54.250"/>
  <system-out/>
  <testcase classname="testcases.SLATest" name="verifyResolveTimeValidations" time="59.309"/>
  <system-out/>
</testsuite> <!-- testcases.SLATest -->
